<?xml version="1.0" encoding="UTF-8"?>
<testng-results ignored="0" total="5" passed="5" failed="0" skipped="0">
  <reporter-output>
  </reporter-output>
  <suite started-at="2022-06-29T22:09:04 IST" name="InetBankingV1" finished-at="2022-06-29T22:10:43 IST" duration-ms="99213">
    <groups>
    </groups>
    <test started-at="2022-06-29T22:09:04 IST" name="BankingApp Test in Chrome" finished-at="2022-06-29T22:10:43 IST" duration-ms="99213">
      <class name="com.inetbanking.testCases.TC_LoginTest_001">
        <test-method is-config="true" signature="setup(java.lang.String)[pri:0, instance:com.inetbanking.testCases.TC_LoginTest_001@696da30b]" started-at="2022-06-29T22:09:04 IST" name="setup" finished-at="2022-06-29T22:09:11 IST" duration-ms="6535" status="PASS">
          <params>
            <param index="0">
              <value>
                <![CDATA[chrome]]>
              </value>
            </param>
          </params>
          <reporter-output>
          </reporter-output>
        </test-method> <!-- setup -->
        <test-method signature="loginTest()[pri:0, instance:com.inetbanking.testCases.TC_LoginTest_001@696da30b]" started-at="2022-06-29T22:09:11 IST" name="loginTest" finished-at="2022-06-29T22:09:21 IST" duration-ms="9825" status="PASS">
          <reporter-output>
          </reporter-output>
        </test-method> <!-- loginTest -->
        <test-method is-config="true" signature="tearDown()[pri:0, instance:com.inetbanking.testCases.TC_LoginTest_001@696da30b]" started-at="2022-06-29T22:09:21 IST" name="tearDown" finished-at="2022-06-29T22:09:21 IST" duration-ms="792" status="PASS">
          <reporter-output>
          </reporter-output>
        </test-method> <!-- tearDown -->
      </class> <!-- com.inetbanking.testCases.TC_LoginTest_001 -->
      <class name="com.inetbanking.testCases.TC_LoginDDT_002">
        <test-method is-config="true" signature="setup(java.lang.String)[pri:0, instance:com.inetbanking.testCases.TC_LoginDDT_002@44821a96]" started-at="2022-06-29T22:09:21 IST" name="setup" finished-at="2022-06-29T22:09:26 IST" duration-ms="4739" status="PASS">
          <params>
            <param index="0">
              <value>
                <![CDATA[chrome]]>
              </value>
            </param>
          </params>
          <reporter-output>
          </reporter-output>
        </test-method> <!-- setup -->
        <test-method signature="loginDDT(java.lang.String,java.lang.String)[pri:0, instance:com.inetbanking.testCases.TC_LoginDDT_002@44821a96]" started-at="2022-06-29T22:09:28 IST" name="loginDDT" data-provider="LoginData" finished-at="2022-06-29T22:09:47 IST" duration-ms="19339" status="PASS">
          <params>
            <param index="0">
              <value>
                <![CDATA[mngr418210]]>
              </value>
            </param>
            <param index="1">
              <value>
                <![CDATA[edYmumy]]>
              </value>
            </param>
          </params>
          <reporter-output>
          </reporter-output>
        </test-method> <!-- loginDDT -->
        <test-method signature="loginDDT(java.lang.String,java.lang.String)[pri:0, instance:com.inetbanking.testCases.TC_LoginDDT_002@44821a96]" started-at="2022-06-29T22:09:47 IST" name="loginDDT" data-provider="LoginData" finished-at="2022-06-29T22:10:05 IST" duration-ms="18323" status="PASS">
          <params>
            <param index="0">
              <value>
                <![CDATA[mngr418210]]>
              </value>
            </param>
            <param index="1">
              <value>
                <![CDATA[edYmumy]]>
              </value>
            </param>
          </params>
          <reporter-output>
          </reporter-output>
        </test-method> <!-- loginDDT -->
        <test-method signature="loginDDT(java.lang.String,java.lang.String)[pri:0, instance:com.inetbanking.testCases.TC_LoginDDT_002@44821a96]" started-at="2022-06-29T22:10:05 IST" name="loginDDT" data-provider="LoginData" finished-at="2022-06-29T22:10:24 IST" duration-ms="18525" status="PASS">
          <params>
            <param index="0">
              <value>
                <![CDATA[mngr418210]]>
              </value>
            </param>
            <param index="1">
              <value>
                <![CDATA[edYmumy]]>
              </value>
            </param>
          </params>
          <reporter-output>
          </reporter-output>
        </test-method> <!-- loginDDT -->
        <test-method signature="loginDDT(java.lang.String,java.lang.String)[pri:0, instance:com.inetbanking.testCases.TC_LoginDDT_002@44821a96]" started-at="2022-06-29T22:10:24 IST" name="loginDDT" data-provider="LoginData" finished-at="2022-06-29T22:10:42 IST" duration-ms="18079" status="PASS">
          <params>
            <param index="0">
              <value>
                <![CDATA[mngr418210]]>
              </value>
            </param>
            <param index="1">
              <value>
                <![CDATA[edYmumy]]>
              </value>
            </param>
          </params>
          <reporter-output>
          </reporter-output>
        </test-method> <!-- loginDDT -->
        <test-method is-config="true" signature="tearDown()[pri:0, instance:com.inetbanking.testCases.TC_LoginDDT_002@44821a96]" started-at="2022-06-29T22:10:42 IST" name="tearDown" finished-at="2022-06-29T22:10:43 IST" duration-ms="1190" status="PASS">
          <reporter-output>
          </reporter-output>
        </test-method> <!-- tearDown -->
      </class> <!-- com.inetbanking.testCases.TC_LoginDDT_002 -->
    </test> <!-- BankingApp Test in Chrome -->
  </suite> <!-- InetBankingV1 -->
</testng-results>
